11:07:41.473 [main] FATAL - Setup1 executed...
11:07:41.508 [main] INFO  - User launch Chrome browser
11:07:46.641 [main] INFO  - Url opened 
11:07:46.861 [main] INFO  - Email and Password is entered  
11:07:49.538 [main] INFO  - Login button is clicked
11:07:53.739 [main] INFO  - user can view dashboard test passed.
11:07:53.745 [main] INFO  - customer menu clicked
11:07:53.841 [main] INFO  - customer menu item clicked
11:07:54.882 [main] INFO  - Clicked on Add new button
11:07:56.313 [main] INFO  - User can view Add new customer page- passed
11:07:56.837 [main] INFO  - customer information entered
11:07:58.130 [main] INFO  - clicked on Save button
11:08:00.207 [main] INFO  - User can view confirmation message - passed
11:08:07.115 [main] FATAL - Setup1 executed...
11:08:07.117 [main] INFO  - User launch Chrome browser
11:08:11.892 [main] INFO  - Url opened 
11:08:12.078 [main] INFO  - Email and Password is entered  
11:08:12.167 [main] INFO  - Login button is clicked
11:08:16.619 [main] WARN  - Test Passed: Login feature page title is matched 
11:08:17.676 [main] INFO  - User clicked on logout link 
11:08:19.700 [main] WARN  - Test Passed: Login feature page title is matched 
11:14:09.581 [main] FATAL - Setup1 executed...
11:14:09.618 [main] INFO  - User launch Chrome browser
11:14:14.833 [main] INFO  - Url opened 
11:14:15.032 [main] INFO  - Email and Password is entered  
11:14:15.116 [main] INFO  - Login button is clicked
11:14:20.018 [main] INFO  - user can view dashboard test passed.
11:14:20.021 [main] INFO  - customer menu clicked
11:14:20.214 [main] INFO  - customer menu item clicked
11:14:21.187 [main] INFO  - Clicked on Add new button
11:14:22.396 [main] INFO  - User can view Add new customer page- passed
11:14:22.905 [main] INFO  - customer information entered
11:14:24.089 [main] INFO  - clicked on Save button
11:14:26.178 [main] INFO  - User can view confirmation message - passed
11:14:26.513 [main] INFO  - User launch Chrome browser
11:14:26.565 [main] INFO  - User launch Chrome browser
11:14:28.369 [main] FATAL - Setup1 executed...
11:14:28.370 [main] INFO  - User launch Chrome browser
11:14:32.591 [main] INFO  - Url opened 
11:14:32.769 [main] INFO  - Email and Password is entered  
11:14:35.135 [main] INFO  - Login button is clicked
11:14:39.186 [main] WARN  - Test Passed: Login feature page title is matched 
11:14:40.385 [main] INFO  - User clicked on logout link 
11:14:42.406 [main] WARN  - Test Passed: Login feature page title is matched 
11:14:42.731 [main] INFO  - User launch Chrome browser
11:15:12.556 [main] FATAL - Setup1 executed...
11:15:12.602 [main] INFO  - User launch Chrome browser
11:15:16.974 [main] INFO  - Url opened 
11:15:17.158 [main] INFO  - Email and Password is entered  
11:15:17.246 [main] INFO  - Login button is clicked
11:15:21.590 [main] INFO  - user can view dashboard test passed.
11:15:21.596 [main] INFO  - customer menu clicked
11:15:21.759 [main] INFO  - customer menu item clicked
11:15:22.977 [main] INFO  - Clicked on Add new button
11:15:24.811 [main] INFO  - User can view Add new customer page- passed
11:15:25.365 [main] INFO  - customer information entered
11:15:25.822 [main] INFO  - clicked on Save button
11:15:28.412 [main] INFO  - User can view confirmation message - passed
11:15:28.743 [main] INFO  - User launch Chrome browser
11:15:28.781 [main] INFO  - User launch Chrome browser
11:15:30.540 [main] FATAL - Setup1 executed...
11:15:30.541 [main] INFO  - User launch Chrome browser
11:15:34.785 [main] INFO  - Url opened 
11:15:34.964 [main] INFO  - Email and Password is entered  
11:15:35.058 [main] INFO  - Login button is clicked
11:15:39.513 [main] WARN  - Test Passed: Login feature page title is matched 
11:15:40.269 [main] INFO  - User clicked on logout link 
11:15:42.301 [main] WARN  - Test Passed: Login feature page title is matched 
11:15:42.609 [main] INFO  - User launch Chrome browser
11:23:22.674 [main] FATAL - Setup1 executed...
11:23:22.712 [main] INFO  - User launch Chrome browser
11:23:27.214 [main] INFO  - Url opened 
11:23:27.416 [main] INFO  - Email and Password is entered  
11:23:27.537 [main] INFO  - Login button is clicked
11:23:32.155 [main] INFO  - user can view dashboard test passed.
11:23:32.159 [main] INFO  - customer menu clicked
11:23:32.370 [main] INFO  - customer menu item clicked
11:23:33.538 [main] INFO  - Clicked on Add new button
11:23:34.891 [main] INFO  - User can view Add new customer page- passed
11:23:35.475 [main] INFO  - customer information entered
11:23:36.026 [main] INFO  - clicked on Save button
11:23:38.758 [main] INFO  - User can view confirmation message - passed
11:23:39.084 [main] INFO  - User launch Chrome browser
11:23:39.148 [main] INFO  - User launch Chrome browser
11:23:40.861 [main] FATAL - Setup1 executed...
11:23:40.886 [main] INFO  - User launch Chrome browser
11:23:45.157 [main] INFO  - Url opened 
11:23:45.337 [main] INFO  - Email and Password is entered  
11:23:47.771 [main] INFO  - Login button is clicked
11:23:51.797 [main] WARN  - Test Passed: Login feature page title is matched 
11:23:53.115 [main] INFO  - User clicked on logout link 
11:23:55.130 [main] WARN  - Test Passed: Login feature page title is matched 
11:23:55.453 [main] INFO  - User launch Chrome browser
11:37:21.327 [main] FATAL - Setup1 executed...
11:37:21.358 [main] INFO  - User launch Chrome browser
11:37:25.389 [main] INFO  - Url opened 
11:37:25.583 [main] INFO  - Email and Password is entered  
11:37:27.883 [main] INFO  - Login button is clicked
11:37:31.897 [main] INFO  - user can view dashboard test passed.
11:37:31.899 [main] INFO  - customer menu clicked
11:37:31.982 [main] INFO  - customer menu item clicked
11:37:33.277 [main] INFO  - Clicked on Add new button
11:37:34.858 [main] INFO  - User can view Add new customer page- passed
11:37:35.458 [main] INFO  - customer information entered
11:37:35.936 [main] INFO  - clicked on Save button
11:37:38.736 [main] INFO  - User can view confirmation message - passed
11:37:39.073 [main] INFO  - User launch Chrome browser
11:37:39.127 [main] INFO  - User launch Chrome browser
11:37:40.894 [main] FATAL - Setup1 executed...
11:37:40.901 [main] INFO  - User launch Chrome browser
11:37:44.569 [main] INFO  - Url opened 
11:37:44.790 [main] INFO  - Email and Password is entered  
11:37:44.872 [main] INFO  - Login button is clicked
11:37:49.813 [main] WARN  - Test Passed: Login feature page title is matched 
11:37:50.631 [main] INFO  - User clicked on logout link 
11:37:52.646 [main] WARN  - Test Passed: Login feature page title is matched 
11:37:52.986 [main] INFO  - User launch Chrome browser
11:40:33.186 [main] FATAL - Setup1 executed...
11:40:33.191 [main] INFO  - User launch Chrome browser
11:40:38.479 [main] INFO  - Url opened 
11:40:38.683 [main] INFO  - Email and Password is entered  
11:40:38.763 [main] INFO  - Login button is clicked
11:40:43.582 [main] WARN  - Test Passed: Login feature page title is matched 
11:40:44.328 [main] INFO  - User clicked on logout link 
11:40:46.358 [main] WARN  - Test Passed: Login feature page title is matched 
11:40:46.710 [main] INFO  - User launch Chrome browser
11:43:39.844 [main] FATAL - Setup1 executed...
11:43:39.848 [main] INFO  - User launch Chrome browser
11:43:43.927 [main] INFO  - Url opened 
11:43:44.150 [main] INFO  - Email and Password is entered  
11:43:44.233 [main] INFO  - Login button is clicked
11:43:49.141 [main] WARN  - Test Passed: Login feature page title is matched 
11:43:49.892 [main] INFO  - User clicked on logout link 
11:43:51.920 [main] WARN  - Test Passed: Login feature page title is matched 
11:43:51.940 [main] INFO  - User launch Chrome browser
11:43:52.271 [main] INFO  - Url opened 
11:43:52.424 [main] INFO  - Email and Password is entered  
11:43:52.506 [main] INFO  - Login button is clicked
11:43:56.548 [main] WARN  - Test Passed: Login feature page title is matched 
11:43:57.241 [main] INFO  - User clicked on logout link 
11:43:59.259 [main] WARN  - Test Passed: Login feature page title is matched 
11:51:24.603 [main] FATAL - Setup1 executed...
11:51:24.608 [main] INFO  - User launch Chrome browser
11:51:28.587 [main] INFO  - Url opened 
11:51:28.780 [main] INFO  - Email and Password is entered  
11:51:28.860 [main] INFO  - Login button is clicked
11:51:33.577 [main] WARN  - Test Passed: Login feature page title is matched 
11:51:34.329 [main] INFO  - User clicked on logout link 
11:51:36.434 [main] WARN  - Test Passed: Login feature page title is matched 
11:51:36.769 [main] INFO  - User launch Chrome browser
11:57:49.186 [main] FATAL - Setup1 executed...
11:57:49.226 [main] INFO  - User launch Chrome browser
11:57:54.545 [main] INFO  - Url opened 
11:57:54.767 [main] INFO  - Email and Password is entered  
11:57:57.876 [main] INFO  - Login button is clicked
11:58:04.196 [main] FATAL - Setup1 executed...
11:58:04.198 [main] INFO  - User launch Chrome browser
11:58:08.226 [main] INFO  - Url opened 
11:58:08.414 [main] INFO  - Email and Password is entered  
11:58:11.645 [main] INFO  - Login button is clicked
11:58:17.456 [main] FATAL - Setup1 executed...
11:58:17.458 [main] INFO  - User launch Chrome browser
11:58:21.469 [main] INFO  - Url opened 
11:58:21.680 [main] INFO  - Email and Password is entered  
11:58:24.985 [main] INFO  - Login button is clicked
11:58:29.022 [main] WARN  - Test Passed: Login feature page title is matched 
11:58:29.753 [main] INFO  - User clicked on logout link 
11:58:31.777 [main] WARN  - Test Passed: Login feature page title is matched 
11:58:35.375 [main] FATAL - Setup1 executed...
11:58:35.377 [main] INFO  - User launch Chrome browser
11:58:36.102 [main] INFO  - Url opened 
11:58:39.407 [main] INFO  - Email and Password is entered  
11:58:39.526 [main] INFO  - Login button is clicked
11:58:43.777 [main] WARN  - Test Passed: Login feature page title is matched 
11:58:44.526 [main] INFO  - User clicked on logout link 
11:58:46.553 [main] WARN  - Test Passed: Login feature page title is matched 
12:07:18.534 [main] FATAL - Setup1 executed...
12:07:18.572 [main] INFO  - User launch Chrome browser
12:07:23.762 [main] INFO  - Url opened 
12:07:23.943 [main] INFO  - Email and Password is entered  
12:07:27.559 [main] INFO  - Login button is clicked
12:07:34.577 [main] FATAL - Setup1 executed...
12:07:34.585 [main] INFO  - User launch Chrome browser
12:07:38.972 [main] INFO  - Url opened 
12:07:39.150 [main] INFO  - Email and Password is entered  
12:07:42.010 [main] INFO  - Login button is clicked
12:07:47.885 [main] FATAL - Setup1 executed...
12:07:47.893 [main] INFO  - User launch Chrome browser
12:07:53.698 [main] INFO  - Url opened 
12:07:54.036 [main] INFO  - Email and Password is entered  
12:07:56.931 [main] INFO  - Login button is clicked
12:08:00.964 [main] WARN  - Test Passed: Login feature page title is matched 
12:08:01.674 [main] INFO  - User clicked on logout link 
12:08:03.696 [main] WARN  - Test Passed: Login feature page title is matched 
12:08:12.147 [main] FATAL - Setup1 executed...
12:08:12.149 [main] INFO  - User launch Chrome browser
12:08:16.549 [main] INFO  - Url opened 
12:08:16.790 [main] INFO  - Email and Password is entered  
12:08:19.494 [main] INFO  - Login button is clicked
12:08:23.525 [main] WARN  - Test Passed: Login feature page title is matched 
12:08:24.622 [main] INFO  - User clicked on logout link 
12:08:26.636 [main] WARN  - Test Passed: Login feature page title is matched 
12:14:10.258 [main] FATAL - Setup1 executed...
12:14:10.291 [main] INFO  - User launch Chrome browser
12:14:14.951 [main] INFO  - Url opened 
12:14:15.150 [main] INFO  - Email and Password is entered  
12:14:15.235 [main] INFO  - Login button is clicked
12:14:21.884 [main] FATAL - Setup1 executed...
12:14:21.889 [main] INFO  - User launch Chrome browser
12:14:26.064 [main] INFO  - Url opened 
12:14:26.250 [main] INFO  - Email and Password is entered  
12:14:26.341 [main] INFO  - Login button is clicked
12:14:32.512 [main] FATAL - Setup1 executed...
12:14:32.513 [main] INFO  - User launch Chrome browser
12:14:36.506 [main] INFO  - Url opened 
12:14:36.688 [main] INFO  - Email and Password is entered  
12:14:36.774 [main] INFO  - Login button is clicked
12:14:41.189 [main] WARN  - Test Passed: Login feature page title is matched 
12:14:42.009 [main] INFO  - User clicked on logout link 
12:14:44.040 [main] WARN  - Test Passed: Login feature page title is matched 
12:14:49.645 [main] FATAL - Setup1 executed...
12:14:49.650 [main] INFO  - User launch Chrome browser
12:14:53.581 [main] INFO  - Url opened 
12:14:53.767 [main] INFO  - Email and Password is entered  
12:14:56.289 [main] INFO  - Login button is clicked
12:15:00.320 [main] WARN  - Test Passed: Login feature page title is matched 
12:15:01.068 [main] INFO  - User clicked on logout link 
12:15:03.084 [main] WARN  - Test Passed: Login feature page title is matched 
12:16:01.549 [main] FATAL - Setup1 executed...
12:16:01.582 [main] INFO  - User launch Chrome browser
12:16:05.632 [main] INFO  - Url opened 
12:16:05.845 [main] INFO  - Email and Password is entered  
12:16:05.957 [main] INFO  - Login button is clicked
12:16:16.962 [main] FATAL - Setup1 executed...
12:16:16.962 [main] INFO  - User launch Chrome browser
12:16:21.249 [main] INFO  - Url opened 
12:16:21.425 [main] INFO  - Email and Password is entered  
12:16:21.545 [main] INFO  - Login button is clicked
12:16:27.973 [main] FATAL - Setup1 executed...
12:16:27.974 [main] INFO  - User launch Chrome browser
12:16:31.629 [main] INFO  - Url opened 
12:16:31.833 [main] INFO  - Email and Password is entered  
12:16:31.958 [main] INFO  - Login button is clicked
12:16:36.478 [main] WARN  - Test Passed: Login feature page title is matched 
12:16:37.289 [main] INFO  - User clicked on logout link 
12:16:39.319 [main] WARN  - Test Passed: Login feature page title is matched 
12:16:43.016 [main] FATAL - Setup1 executed...
12:16:43.018 [main] INFO  - User launch Chrome browser
12:16:47.049 [main] INFO  - Url opened 
12:16:47.232 [main] INFO  - Email and Password is entered  
12:16:47.319 [main] INFO  - Login button is clicked
12:16:51.699 [main] WARN  - Test Passed: Login feature page title is matched 
12:16:52.418 [main] INFO  - User clicked on logout link 
12:16:54.450 [main] WARN  - Test Passed: Login feature page title is matched 
12:22:41.242 [main] FATAL - Setup1 executed...
12:22:41.277 [main] INFO  - User launch Chrome browser
12:22:45.940 [main] INFO  - Url opened 
12:22:46.123 [main] INFO  - Email and Password is entered  
12:22:46.213 [main] INFO  - Login button is clicked
12:22:53.621 [main] FATAL - Setup1 executed...
12:22:53.628 [main] INFO  - User launch Chrome browser
12:22:58.485 [main] INFO  - Url opened 
12:22:58.666 [main] INFO  - Email and Password is entered  
12:22:58.752 [main] INFO  - Login button is clicked
12:23:09.797 [main] FATAL - Setup1 executed...
12:23:09.797 [main] INFO  - User launch Chrome browser
12:23:14.052 [main] INFO  - Url opened 
12:23:14.294 [main] INFO  - Email and Password is entered  
12:23:14.463 [main] INFO  - Login button is clicked
12:23:19.228 [main] WARN  - Test Passed: Login feature page title is matched 
12:23:19.953 [main] INFO  - User clicked on logout link 
12:23:21.979 [main] WARN  - Test Passed: Login feature page title is matched 
12:23:25.605 [main] FATAL - Setup1 executed...
12:23:25.607 [main] INFO  - User launch Chrome browser
12:23:30.452 [main] INFO  - Url opened 
12:23:30.634 [main] INFO  - Email and Password is entered  
12:23:30.750 [main] INFO  - Login button is clicked
12:23:35.803 [main] WARN  - Test Passed: Login feature page title is matched 
12:23:36.540 [main] INFO  - User clicked on logout link 
12:23:38.576 [main] WARN  - Test Passed: Login feature page title is matched 
12:29:41.571 [main] FATAL - Setup1 executed...
12:29:41.627 [main] INFO  - User launch Chrome browser
12:29:46.108 [main] INFO  - Url opened 
12:29:46.314 [main] INFO  - Email and Password is entered  
12:29:46.408 [main] INFO  - Login button is clicked
12:29:50.877 [main] INFO  - user can view dashboard test passed.
12:29:50.881 [main] INFO  - customer menu clicked
12:29:51.106 [main] INFO  - customer menu item clicked
12:29:52.532 [main] INFO  - Entered customer EMail
12:29:53.424 [main] INFO  - Clicked on filter button
12:29:53.479 [main] INFO  - Test case is passed
12:29:57.220 [main] FATAL - Setup1 executed...
12:29:57.225 [main] INFO  - User launch Chrome browser
12:30:01.910 [main] INFO  - Url opened 
12:30:02.094 [main] INFO  - Email and Password is entered  
12:30:02.181 [main] INFO  - Login button is clicked
12:30:06.812 [main] INFO  - user can view dashboard test passed.
12:30:06.812 [main] INFO  - customer menu clicked
12:30:07.009 [main] INFO  - customer menu item clicked
12:30:08.322 [main] INFO  - Entered customer Name
12:30:09.270 [main] INFO  - Clicked on filter button
12:30:11.362 [main] INFO  - Test Case is Passed 
12:30:11.362 [main] WARN  - Test Case is Failed 
12:30:15.092 [main] FATAL - Setup1 executed...
12:30:15.097 [main] INFO  - User launch Chrome browser
12:30:19.694 [main] INFO  - Url opened 
12:30:19.873 [main] INFO  - Email and Password is entered  
12:30:23.302 [main] INFO  - Login button is clicked
12:30:27.329 [main] WARN  - Test Passed: Login feature page title is matched 
12:30:28.015 [main] INFO  - User clicked on logout link 
12:30:30.038 [main] WARN  - Test Passed: Login feature page title is matched 
12:30:33.759 [main] FATAL - Setup1 executed...
12:30:33.760 [main] INFO  - User launch Chrome browser
12:30:38.254 [main] INFO  - Url opened 
12:30:38.423 [main] INFO  - Email and Password is entered  
12:30:41.215 [main] INFO  - Login button is clicked
12:30:45.258 [main] WARN  - Test Passed: Login feature page title is matched 
12:30:45.926 [main] INFO  - User clicked on logout link 
12:30:47.955 [main] WARN  - Test Passed: Login feature page title is matched 
12:35:13.563 [main] FATAL - Setup1 executed...
12:35:13.595 [main] INFO  - User launch Chrome browser
12:35:17.939 [main] INFO  - Url opened 
12:35:18.130 [main] INFO  - Email and Password is entered  
12:35:20.913 [main] INFO  - Login button is clicked
12:35:24.954 [main] INFO  - user can view dashboard test passed.
12:35:24.957 [main] INFO  - customer menu clicked
12:35:25.045 [main] INFO  - customer menu item clicked
12:35:26.343 [main] INFO  - Clicked on Add new button
12:35:28.029 [main] INFO  - User can view Add new customer page- passed
12:35:28.641 [main] INFO  - customer information entered
12:35:29.100 [main] INFO  - clicked on Save button
12:35:31.749 [main] INFO  - User can view confirmation message - passed
12:35:35.420 [main] FATAL - Setup1 executed...
12:35:35.422 [main] INFO  - User launch Chrome browser
12:35:39.579 [main] INFO  - Url opened 
12:35:39.772 [main] INFO  - Email and Password is entered  
12:35:42.378 [main] INFO  - Login button is clicked
12:35:46.423 [main] INFO  - user can view dashboard test passed.
12:35:46.424 [main] INFO  - customer menu clicked
12:35:46.523 [main] INFO  - customer menu item clicked
12:35:47.696 [main] INFO  - Entered customer EMail
12:35:48.601 [main] INFO  - Clicked on filter button
12:35:48.654 [main] INFO  - Test case is passed
12:35:52.145 [main] FATAL - Setup1 executed...
12:35:52.148 [main] INFO  - User launch Chrome browser
12:35:56.206 [main] INFO  - Url opened 
12:35:56.383 [main] INFO  - Email and Password is entered  
12:35:56.493 [main] INFO  - Login button is clicked
12:36:01.091 [main] INFO  - user can view dashboard test passed.
12:36:01.094 [main] INFO  - customer menu clicked
12:36:01.242 [main] INFO  - customer menu item clicked
12:36:02.421 [main] INFO  - Entered customer Name
12:36:03.343 [main] INFO  - Clicked on filter button
12:36:05.410 [main] INFO  - Test Case is Passed 
12:36:05.410 [main] WARN  - Test Case is Failed 
12:36:09.309 [main] FATAL - Setup1 executed...
12:36:09.311 [main] INFO  - User launch Chrome browser
12:36:13.233 [main] INFO  - Url opened 
12:36:13.416 [main] INFO  - Email and Password is entered  
12:36:13.517 [main] INFO  - Login button is clicked
12:36:18.268 [main] WARN  - Test Passed: Login feature page title is matched 
12:36:18.986 [main] INFO  - User clicked on logout link 
12:36:21.018 [main] WARN  - Test Passed: Login feature page title is matched 
12:36:24.519 [main] FATAL - Setup1 executed...
12:36:24.522 [main] INFO  - User launch Chrome browser
12:36:28.907 [main] INFO  - Url opened 
12:36:29.089 [main] INFO  - Email and Password is entered  
12:36:31.742 [main] INFO  - Login button is clicked
12:36:35.770 [main] WARN  - Test Passed: Login feature page title is matched 
12:36:36.474 [main] INFO  - User clicked on logout link 
12:36:38.488 [main] WARN  - Test Passed: Login feature page title is matched 
